2026-04-14 21:50:31.949 | INFO     | __main__:main:164 - ===== 自动化下载工具启动 =====
2026-04-14 21:50:31.957 | INFO     | __main__:main:165 - F1=输入框 F2=搜索 F3=下载 F5=启动 ESC=退出
2026-04-14 21:50:31.964 | WARNING  | __main__:load:49 - 配置文件不存在，将创建空配置
2026-04-14 21:51:25.365 | ERROR    | __main__:main:192 - 未完成全部坐标配置，请先设置 F1/F2/F3
2026-04-14 21:51:26.721 | INFO     | __main__:main:164 - ===== 自动化下载工具启动 =====
2026-04-14 21:51:26.721 | INFO     | __main__:main:165 - F1=输入框 F2=搜索 F3=下载 F5=启动 ESC=退出
2026-04-14 21:51:26.722 | ERROR    | __main__:load:60 - 配置文件损坏: Expecting value: line 1 column 1 (char 0)
2026-04-14 21:51:47.708 | ERROR    | __main__:main:192 - 未完成全部坐标配置，请先设置 F1/F2/F3
2026-04-14 21:51:50.151 | INFO     | __main__:capture_position:143 - 请移动鼠标到【文本框】，按下对应 F 键捕获
2026-04-14 21:51:52.930 | INFO     | __main__:capture_position:157 - 捕获 文本框 坐标: Point(x=1505, y=1094)
2026-04-14 21:51:53.247 | INFO     | __main__:save:73 - 坐标已保存至 config.json
2026-04-14 21:51:54.439 | INFO     | __main__:capture_position:143 - 请移动鼠标到【搜索按钮】，按下对应 F 键捕获
2026-04-14 21:52:03.666 | INFO     | __main__:capture_position:157 - 捕获 搜索按钮 坐标: Point(x=1323, y=1247)
2026-04-14 21:52:03.971 | INFO     | __main__:save:73 - 坐标已保存至 config.json
2026-04-14 21:52:05.533 | INFO     | __main__:capture_position:143 - 请移动鼠标到【解析下载按钮】，按下对应 F 键捕获
2026-04-14 21:52:06.177 | INFO     | __main__:capture_position:157 - 捕获 解析下载按钮 坐标: Point(x=1451, y=1254)
2026-04-14 21:52:06.479 | INFO     | __main__:save:73 - 坐标已保存至 config.json
2026-04-14 21:52:07.682 | INFO     | __main__:capture_position:143 - 请移动鼠标到【解析下载按钮】，按下对应 F 键捕获
2026-04-14 21:52:11.195 | INFO     | __main__:capture_position:157 - 捕获 解析下载按钮 坐标: Point(x=1753, y=1185)
2026-04-14 21:52:11.500 | INFO     | __main__:save:73 - 坐标已保存至 config.json
2026-04-14 21:52:21.093 | INFO     | __main__:capture_position:143 - 请移动鼠标到【文本框】，按下对应 F 键捕获
2026-04-14 21:53:20.757 | INFO     | __main__:main:164 - ===== 自动化下载工具启动 =====
2026-04-14 21:53:20.757 | INFO     | __main__:main:165 - F1=输入框 F2=搜索 F3=下载 F5=启动 ESC=退出
2026-04-14 21:54:20.437 | INFO     | __main__:capture_position:143 - 请移动鼠标到【文本框】，按下对应 F 键捕获
2026-04-14 21:54:33.540 | INFO     | __main__:capture_position:157 - 捕获 文本框 坐标: Point(x=1524, y=279)
2026-04-14 21:54:33.843 | INFO     | __main__:save:73 - 坐标已保存至 config.json
2026-04-14 21:54:34.469 | INFO     | __main__:capture_position:143 - 请移动鼠标到【解析下载按钮】，按下对应 F 键捕获
2026-04-14 22:03:20.460 | INFO     | __main__:main:164 - ===== 自动化下载工具启动 =====
2026-04-14 22:03:20.460 | INFO     | __main__:main:165 - F1=输入框 F2=搜索 F3=下载 F5=启动 ESC=退出
2026-04-14 22:03:24.765 | INFO     | __main__:load_search_terms:85 - 加载搜索词 1 个
2026-04-14 22:03:24.766 | INFO     | __main__:main:203 - ===== 开始批量执行 =====
2026-04-14 22:03:24.766 | INFO     | __main__:main:211 - ===== 第 1/1 项 =====
2026-04-14 22:03:24.766 | INFO     | __main__:execute_task:120 - 开始处理: 原神
2026-04-14 22:03:36.018 | SUCCESS  | __main__:execute_task:139 - 处理完成: 原神
2026-04-14 22:03:36.018 | INFO     | __main__:main:223 - ===== 批量任务结束 =====
2026-04-14 22:03:44.457 | INFO     | __main__:capture_position:143 - 请移动鼠标到【文本框】，按下对应 F 键捕获
2026-04-14 22:04:11.118 | INFO     | __main__:capture_position:157 - 捕获 文本框 坐标: Point(x=1219, y=134)
2026-04-14 22:04:11.425 | INFO     | __main__:save:73 - 坐标已保存至 config.json
2026-04-14 22:04:33.755 | INFO     | __main__:capture_position:143 - 请移动鼠标到【文本框】，按下对应 F 键捕获
2026-04-14 22:04:43.601 | INFO     | __main__:capture_position:157 - 捕获 文本框 坐标: Point(x=1473, y=303)
2026-04-14 22:04:43.909 | INFO     | __main__:save:73 - 坐标已保存至 config.json
2026-04-14 22:04:44.484 | INFO     | __main__:capture_position:143 - 请移动鼠标到【文本框】，按下对应 F 键捕获
2026-04-14 22:04:58.769 | INFO     | __main__:capture_position:157 - 捕获 文本框 坐标: Point(x=1794, y=242)
2026-04-14 22:04:59.075 | INFO     | __main__:save:73 - 坐标已保存至 config.json
2026-04-14 22:05:01.524 | INFO     | __main__:capture_position:143 - 请移动鼠标到【搜索按钮】，按下对应 F 键捕获
2026-04-14 22:05:02.617 | INFO     | __main__:capture_position:157 - 捕获 搜索按钮 坐标: Point(x=2103, y=238)
2026-04-14 22:05:02.932 | INFO     | __main__:save:73 - 坐标已保存至 config.json
2026-04-14 22:05:12.220 | INFO     | __main__:capture_position:143 - 请移动鼠标到【解析下载按钮】，按下对应 F 键捕获
2026-04-14 22:05:13.950 | INFO     | __main__:capture_position:157 - 捕获 解析下载按钮 坐标: Point(x=1549, y=368)
2026-04-14 22:05:14.255 | INFO     | __main__:save:73 - 坐标已保存至 config.json
2026-04-14 22:05:16.076 | INFO     | __main__:load_search_terms:85 - 加载搜索词 1 个
2026-04-14 22:05:16.076 | INFO     | __main__:main:203 - ===== 开始批量执行 =====
2026-04-14 22:05:16.077 | INFO     | __main__:main:211 - ===== 第 1/1 项 =====
2026-04-14 22:05:16.077 | INFO     | __main__:execute_task:120 - 开始处理: 原神
2026-04-14 22:05:27.335 | SUCCESS  | __main__:execute_task:139 - 处理完成: 原神
2026-04-14 22:05:27.335 | INFO     | __main__:main:223 - ===== 批量任务结束 =====
2026-04-14 22:05:36.969 | INFO     | __main__:load_search_terms:85 - 加载搜索词 1 个
2026-04-14 22:05:36.969 | INFO     | __main__:main:203 - ===== 开始批量执行 =====
2026-04-14 22:05:36.970 | INFO     | __main__:main:211 - ===== 第 1/1 项 =====
2026-04-14 22:05:36.970 | INFO     | __main__:execute_task:120 - 开始处理: 原神
2026-04-14 22:05:48.133 | SUCCESS  | __main__:execute_task:139 - 处理完成: 原神
2026-04-14 22:05:48.134 | INFO     | __main__:main:223 - ===== 批量任务结束 =====
2026-04-14 22:05:52.152 | INFO     | __main__:load_search_terms:85 - 加载搜索词 1 个
2026-04-14 22:05:52.153 | INFO     | __main__:main:203 - ===== 开始批量执行 =====
2026-04-14 22:05:52.154 | INFO     | __main__:main:211 - ===== 第 1/1 项 =====
2026-04-14 22:05:52.162 | INFO     | __main__:execute_task:120 - 开始处理: 原神
2026-04-14 22:06:03.296 | SUCCESS  | __main__:execute_task:139 - 处理完成: 原神
2026-04-14 22:06:03.296 | INFO     | __main__:main:223 - ===== 批量任务结束 =====
2026-04-14 22:06:25.444 | INFO     | __main__:load_search_terms:85 - 加载搜索词 1 个
2026-04-14 22:06:25.444 | INFO     | __main__:main:203 - ===== 开始批量执行 =====
2026-04-14 22:06:25.444 | INFO     | __main__:main:211 - ===== 第 1/1 项 =====
2026-04-14 22:06:25.445 | INFO     | __main__:execute_task:120 - 开始处理: 原神
2026-04-14 22:06:27.117 | INFO     | __main__:main:164 - ===== 自动化下载工具启动 =====
2026-04-14 22:06:27.117 | INFO     | __main__:main:165 - F1=输入框 F2=搜索 F3=下载 F5=启动 ESC=退出
2026-04-14 22:06:31.190 | INFO     | __main__:load_search_terms:85 - 加载搜索词 1 个
2026-04-14 22:06:31.194 | INFO     | __main__:main:203 - ===== 开始批量执行 =====
2026-04-14 22:06:31.197 | INFO     | __main__:main:211 - ===== 第 1/1 项 =====
2026-04-14 22:06:31.197 | INFO     | __main__:execute_task:120 - 开始处理: 原神
2026-04-14 22:06:42.103 | SUCCESS  | __main__:execute_task:139 - 处理完成: 原神
2026-04-14 22:06:42.104 | INFO     | __main__:main:223 - ===== 批量任务结束 =====
2026-04-14 22:06:43.360 | INFO     | __main__:load_search_terms:85 - 加载搜索词 1 个
2026-04-14 22:06:43.361 | INFO     | __main__:main:203 - ===== 开始批量执行 =====
2026-04-14 22:06:43.361 | INFO     | __main__:main:211 - ===== 第 1/1 项 =====
2026-04-14 22:06:43.361 | INFO     | __main__:execute_task:120 - 开始处理: 原神
2026-04-14 22:06:54.180 | SUCCESS  | __main__:execute_task:139 - 处理完成: 原神
2026-04-14 22:06:54.180 | INFO     | __main__:main:223 - ===== 批量任务结束 =====
2026-04-14 22:06:57.319 | INFO     | __main__:main:172 - 用户退出程序
2026-04-14 22:09:02.098 | INFO     | __main__:main:164 - ===== 自动化下载工具启动 =====
2026-04-14 22:09:02.098 | INFO     | __main__:main:165 - F1=输入框 F2=搜索 F3=下载 F5=启动 ESC=退出
2026-04-14 22:09:05.902 | INFO     | __main__:load_search_terms:85 - 加载搜索词 1 个
2026-04-14 22:09:05.902 | INFO     | __main__:main:203 - ===== 开始批量执行 =====
2026-04-14 22:09:05.903 | INFO     | __main__:main:211 - ===== 第 1/1 项 =====
2026-04-14 22:09:05.903 | INFO     | __main__:execute_task:120 - 开始处理: 原神
2026-04-14 22:09:17.042 | SUCCESS  | __main__:execute_task:139 - 处理完成: 原神
2026-04-14 22:09:17.042 | INFO     | __main__:main:223 - ===== 批量任务结束 =====
2026-04-14 22:17:19.007 | INFO     | __main__:main:172 - ===== 自动化下载工具启动 =====
2026-04-14 22:17:19.008 | INFO     | __main__:main:173 - F1=输入框 F2=搜索 F3=下载 F5=启动 ESC=退出
2026-04-14 22:17:22.022 | INFO     | __main__:load_search_terms:85 - 加载搜索词 1 个
2026-04-14 22:17:22.023 | INFO     | __main__:main:211 - ===== 开始批量执行 =====
2026-04-14 22:17:22.023 | INFO     | __main__:main:219 - ===== 第 1/1 项 =====
2026-04-14 22:17:22.023 | INFO     | __main__:execute_task:127 - 开始处理: 原神
2026-04-14 22:17:34.055 | SUCCESS  | __main__:execute_task:147 - 处理完成: 原神
2026-04-14 22:17:34.055 | INFO     | __main__:main:231 - ===== 批量任务结束 =====
2026-04-14 22:19:33.190 | INFO     | __main__:load_search_terms:85 - 加载搜索词 1 个
2026-04-14 22:19:33.190 | INFO     | __main__:main:211 - ===== 开始批量执行 =====
2026-04-14 22:19:33.191 | INFO     | __main__:main:219 - ===== 第 1/1 项 =====
2026-04-14 22:19:33.191 | INFO     | __main__:execute_task:127 - 开始处理: 原神
2026-04-14 22:19:48.142 | INFO     | __main__:main:172 - ===== 自动化下载工具启动 =====
2026-04-14 22:19:48.143 | INFO     | __main__:main:173 - F1=输入框 F2=搜索 F3=下载 F5=启动 ESC=退出
2026-04-14 22:19:58.195 | INFO     | __main__:capture_position:151 - 请移动鼠标到【文本框】，按下对应 F 键捕获
2026-04-14 22:20:03.435 | INFO     | __main__:capture_position:165 - 捕获 文本框 坐标: Point(x=1174, y=247)
2026-04-14 22:20:03.743 | INFO     | __main__:save:73 - 坐标已保存至 config.json
2026-04-14 22:20:05.010 | INFO     | __main__:capture_position:151 - 请移动鼠标到【搜索按钮】，按下对应 F 键捕获
2026-04-14 22:20:05.170 | INFO     | __main__:capture_position:165 - 捕获 搜索按钮 坐标: Point(x=1544, y=245)
2026-04-14 22:20:05.486 | INFO     | __main__:save:73 - 坐标已保存至 config.json
2026-04-14 22:20:08.452 | INFO     | __main__:capture_position:151 - 请移动鼠标到【解析下载按钮】，按下对应 F 键捕获
2026-04-14 22:20:08.706 | INFO     | __main__:capture_position:165 - 捕获 解析下载按钮 坐标: Point(x=340, y=401)
2026-04-14 22:20:09.017 | INFO     | __main__:save:73 - 坐标已保存至 config.json
2026-04-14 22:20:10.285 | INFO     | __main__:load_search_terms:85 - 加载搜索词 1 个
2026-04-14 22:20:10.286 | INFO     | __main__:main:211 - ===== 开始批量执行 =====
2026-04-14 22:20:10.286 | INFO     | __main__:main:219 - ===== 第 1/1 项 =====
2026-04-14 22:20:10.286 | INFO     | __main__:execute_task:127 - 开始处理: 原神
2026-04-14 22:20:22.227 | SUCCESS  | __main__:execute_task:147 - 处理完成: 原神
2026-04-14 22:20:22.227 | INFO     | __main__:main:231 - ===== 批量任务结束 =====
2026-04-14 22:20:31.460 | INFO     | __main__:load_search_terms:85 - 加载搜索词 1 个
2026-04-14 22:20:31.460 | INFO     | __main__:main:211 - ===== 开始批量执行 =====
2026-04-14 22:20:31.461 | INFO     | __main__:main:219 - ===== 第 1/1 项 =====
2026-04-14 22:20:31.461 | INFO     | __main__:execute_task:127 - 开始处理: 原神
2026-04-14 22:20:43.489 | SUCCESS  | __main__:execute_task:147 - 处理完成: 原神
2026-04-14 22:20:43.489 | INFO     | __main__:main:231 - ===== 批量任务结束 =====
2026-04-14 22:22:10.877 | INFO     | __main__:load_search_terms:85 - 加载搜索词 5 个
2026-04-14 22:22:10.887 | INFO     | __main__:main:211 - ===== 开始批量执行 =====
2026-04-14 22:22:10.900 | INFO     | __main__:main:219 - ===== 第 1/5 项 =====
2026-04-14 22:22:10.933 | INFO     | __main__:execute_task:127 - 开始处理: 原神
2026-04-14 22:22:23.196 | SUCCESS  | __main__:execute_task:147 - 处理完成: 原神
2026-04-14 22:22:23.197 | INFO     | __main__:main:219 - ===== 第 2/5 项 =====
2026-04-14 22:22:23.198 | INFO     | __main__:execute_task:127 - 开始处理: cos芙宁娜
2026-04-14 22:22:35.349 | SUCCESS  | __main__:execute_task:147 - 处理完成: cos芙宁娜
2026-04-14 22:22:35.349 | INFO     | __main__:main:219 - ===== 第 3/5 项 =====
2026-04-14 22:22:35.349 | INFO     | __main__:execute_task:127 - 开始处理: cos芙宁娜
2026-04-14 22:22:47.485 | SUCCESS  | __main__:execute_task:147 - 处理完成: cos芙宁娜
2026-04-14 22:22:47.486 | INFO     | __main__:main:219 - ===== 第 4/5 项 =====
2026-04-14 22:22:47.486 | INFO     | __main__:execute_task:127 - 开始处理: 原神
2026-04-14 22:22:59.767 | SUCCESS  | __main__:execute_task:147 - 处理完成: 原神
2026-04-14 22:22:59.767 | INFO     | __main__:main:219 - ===== 第 5/5 项 =====
2026-04-14 22:22:59.768 | INFO     | __main__:execute_task:127 - 开始处理: 原神
2026-04-14 22:23:11.894 | SUCCESS  | __main__:execute_task:147 - 处理完成: 原神
2026-04-14 22:23:11.895 | INFO     | __main__:main:231 - ===== 批量任务结束 =====
